Build started 2017/1/16 20:20:57.
     1>Project "C:\Users\Administrator\Desktop\trading1\trading1\trading1.vcxproj" on node 2 (Build target(s)).
     1>ClCompile:
         C:\Program Files\Microsoft Visual Studio 12.0\VC\bin\CL.exe /c /ZI /nologo /W3 /WX- /sdl /Od /Oy- /D WIN32 /D _DEBUG /D _CONSOLE /D _LIB /D _UNICODE /D UNICODE /D _AFXDLL /Gm /EHsc /RTC1 /MDd /GS /fp:precise /Zc:wchar_t /Zc:forScope /Yu"stdafx.h" /Fp"Debug\trading1.pch" /Fo"Debug\\" /Fd"Debug\vc120.pdb" /Gd /TP /analyze- /errorReport:prompt add_data.cpp
         add_data.cpp
         Unknown compiler version - please run the configure tests and report the results
     1>c:\program files\mysql\connector c++ 1.1.3\include\cppconn\sqlstring.h(38): warning C4251: 'sql::SQLString::realStr' : class 'std::basic_string<char,std::char_traits<char>,std::allocator<char>>' needs to have dll-interface to be used by clients of class 'sql::SQLString'
     1>c:\program files\mysql\connector c++ 1.1.3\include\mysql_driver.h(52): warning C4251: 'sql::mysql::MySQL_Driver::proxy' : class 'boost::scoped_ptr<sql::mysql::NativeAPI::NativeDriverWrapper>' needs to have dll-interface to be used by clients of class 'sql::mysql::MySQL_Driver'
     1>c:\program files\mysql\connector c++ 1.1.3\include\mysql_connection.h(165): warning C4251: 'sql::mysql::MySQL_Connection::proxy' : class 'boost::shared_ptr<sql::mysql::NativeAPI::NativeConnectionWrapper>' needs to have dll-interface to be used by clients of class 'sql::mysql::MySQL_Connection'
     1>c:\program files\mysql\connector c++ 1.1.3\include\mysql_connection.h(169): warning C4251: 'sql::mysql::MySQL_Connection::service' : class 'boost::scoped_ptr<sql::mysql::MySQL_Statement>' needs to have dll-interface to be used by clients of class 'sql::mysql::MySQL_Connection'
     1>c:\program files\mysql\connector c++ 1.1.3\include\cppconn\exception.h(61): warning C4251: 'sql::SQLException::sql_state' : class 'std::basic_string<char,std::char_traits<char>,std::allocator<char>>' needs to have dll-interface to be used by clients of class 'sql::SQLException'
       Link:
         C:\Program Files\Microsoft Visual Studio 12.0\VC\bin\link.exe /ERRORREPORT:PROMPT /OUT:"C:\Users\Administrator\Desktop\trading1\Debug\trading1.exe" /INCREMENTAL /NOLOGO /LIBPATH:"C:\Program Files\MySQL\Connector C++ 1.1.3\lib\opt" /LIBPATH:"C:\Program Files\MySQL\Connector C++ 1.1.3\lib" mysqlcppconn.lib "mysqlcppconn-static.lib" /MANIFEST /MANIFESTUAC:"level='asInvoker' uiAccess='false'" /manifest:embed /manifestinput:"C:\Program Files\Microsoft Visual Studio 12.0\VC\Include\Manifest\dpiaware.manifest" /DEBUG /PDB:"C:\Users\Administrator\Desktop\trading1\Debug\trading1.pdb" /SUBSYSTEM:CONSOLE /TLBID:1 /DYNAMICBASE /NXCOMPAT /IMPLIB:"C:\Users\Administrator\Desktop\trading1\Debug\trading1.lib" /MACHINE:X86 Debug\add_data.obj
         Debug\MdSpi.obj
         Debug\stdafx.obj
         Debug\trading1.obj
         thostmduserapi.lib
         thosttraderapi.lib
         trading1.vcxproj -> C:\Users\Administrator\Desktop\trading1\Debug\trading1.exe
     1>Done Building Project "C:\Users\Administrator\Desktop\trading1\trading1\trading1.vcxproj" (Build target(s)).

Build succeeded.

Time Elapsed 00:00:04.05
